Using pre-set license
Built from '2020.3/staging' branch; Version is '2020.3.9f1 (108be757e447) revision 1084391'; Using compiler version '192528614'; Build Type 'Release'
OS: 'Windows 10 Pro; OS build 18363.959; Version 1909; 64bit' Language: 'en' Physical Memory: 32699 MB
BatchMode: 1, IsHumanControllingUs: 0, StartBugReporterOnCrash: 0, Is64bit: 1, IsPro: 0

 COMMAND LINE ARGUMENTS:
C:\Program Files\Unity\Hub\Editor\2020.3.9f1\Editor\Unity.exe
-adb2
-batchMode
-noUpm
-name
AssetImportWorker0
-projectPath
D:/unity/Kill the beach/New Unity Project
-logFile
Logs/AssetImportWorker0.log
-srvPort
61681
Successfully changed project path to: D:/unity/Kill the beach/New Unity Project
D:/unity/Kill the beach/New Unity Project
Using Asset Import Pipeline V2.
Refreshing native plugins compatible for Editor in 32.41 ms, found 0 plugins.
Preloading 0 native plugins for Editor in 0.00 ms.
Initialize engine version: 2020.3.9f1 (108be757e447)
[Subsystems] Discovering subsystems at path C:/Program Files/Unity/Hub/Editor/2020.3.9f1/Editor/Data/Resources/UnitySubsystems
[Subsystems] Discovering subsystems at path D:/unity/Kill the beach/New Unity Project/Assets
GfxDevice: creating device client; threaded=0
Direct3D:
    Version:  Direct3D 11.0 [level 11.1]
    Renderer: NVIDIA GeForce RTX 2060 (ID=0x1f08)
    Vendor:   
    VRAM:     5980 MB
    Driver:   30.0.14.7168
Initialize mono
Mono path[0] = 'C:/Program Files/Unity/Hub/Editor/2020.3.9f1/Editor/Data/Managed'
Mono path[1] = 'C:/Program Files/Unity/Hub/Editor/2020.3.9f1/Editor/Data/MonoBleedingEdge/lib/mono/unityjit'
Mono config path = 'C:/Program Files/Unity/Hub/Editor/2020.3.9f1/Editor/Data/MonoBleedingEdge/etc'
Using monoOptions --debugger-agent=transport=dt_socket,embedding=1,server=y,suspend=n,address=127.0.0.1:56172
Begin MonoManager ReloadAssembly
Registering precompiled unity dll's ...
Register platform support module: C:/Program Files/Unity/Hub/Editor/2020.3.9f1/Editor/Data/PlaybackEngines/WebGLSupport/UnityEditor.WebGL.Extensions.dll
Register platform support module: C:/Program Files/Unity/Hub/Editor/2020.3.9f1/Editor/Data/PlaybackEngines/WindowsStandaloneSupport/UnityEditor.WindowsStandalone.Extensions.dll
Registered in 0.001873 seconds.
Native extension for WindowsStandalone target not found
Native extension for WebGL target not found
Refreshing native plugins compatible for Editor in 23.81 ms, found 0 plugins.
Preloading 0 native plugins for Editor in 0.00 ms.
Mono: successfully reloaded assembly
- Completed reload, in  1.346 seconds
Platform modules already initialized, skipping
Registering precompiled user dll's ...
Registered in 0.000728 seconds.
Begin MonoManager ReloadAssembly
Native extension for WindowsStandalone target not found
Native extension for WebGL target not found
Refreshing native plugins compatible for Editor in 0.23 ms, found 0 plugins.
Preloading 0 native plugins for Editor in 0.00 ms.
Mono: successfully reloaded assembly
- Completed reload, in  0.625 seconds
Platform modules already initialized, skipping
========================================================================
Worker process is ready to serve import requests
Launched and connected shader compiler UnityShaderCompiler.exe after 0.04 seconds
Refreshing native plugins compatible for Editor in 0.22 ms, found 0 plugins.
Preloading 0 native plugins for Editor in 0.00 ms.
Unloading 1371 Unused Serialized files (Serialized files now loaded: 0)
System memory in use before: 67.8 MB.
System memory in use after: 67.3 MB.

Unloading 23 unused Assets to reduce memory usage. Loaded Objects now: 1801.
Total: 1.775700 ms (FindLiveObjects: 0.166000 ms CreateObjectMapping: 0.055600 ms MarkObjects: 1.330200 ms  DeleteObjects: 0.222600 ms)

========================================================================
Received Import Request.
  path: Assets/Scripts/USAMarineRangeScr.cs
  artifactKey: Guid(40a6cebf80b0fb843ae14d6b31ab6428) Importer(815301076,1909f56bfc062723c751e8b465ee728b)
Start importing Assets/Scripts/USAMarineRangeScr.cs using Guid(40a6cebf80b0fb843ae14d6b31ab6428) Importer(815301076,1909f56bfc062723c751e8b465ee728b)  -> (artifact id: '51b8d8ad2e1fb954cb0ba47296c47790') in 0.033836 seconds
  Import took 0.053351 seconds .

========================================================================
Received Import Request.
  Time since last request: 422.549481 seconds.
  path: Assets/AudioMaster.mixer
  artifactKey: Guid(a10efa949de43834086c41452bd2c069) Importer(815301076,1909f56bfc062723c751e8b465ee728b)
Start importing Assets/AudioMaster.mixer using Guid(a10efa949de43834086c41452bd2c069) Importer(815301076,1909f56bfc062723c751e8b465ee728b)  -> (artifact id: 'f44b31d5b39e40ead6a68eac286eed66') in 0.010103 seconds
  Import took 0.024694 seconds .

========================================================================
Received Prepare
Registering precompiled user dll's ...
Registered in 0.000715 seconds.
Begin MonoManager ReloadAssembly
Native extension for WindowsStandalone target not found
Native extension for WebGL target not found
Refreshing native plugins compatible for Editor in 0.23 ms, found 0 plugins.
Preloading 0 native plugins for Editor in 0.00 ms.
Mono: successfully reloaded assembly
- Completed reload, in  0.591 seconds
Platform modules already initialized, skipping
Refreshing native plugins compatible for Editor in 0.22 ms, found 0 plugins.
Preloading 0 native plugins for Editor in 0.00 ms.
Unloading 1366 Unused Serialized files (Serialized files now loaded: 0)
System memory in use before: 67.8 MB.
System memory in use after: 67.3 MB.

Unloading 18 unused Assets to reduce memory usage. Loaded Objects now: 1804.
Total: 1.580400 ms (FindLiveObjects: 0.109600 ms CreateObjectMapping: 0.027800 ms MarkObjects: 1.224800 ms  DeleteObjects: 0.217700 ms)

AssetImportWorkerClient::OnTransportError - code=2 error=End of file
